
> ambajizon@0.1.0 build
> next build

  ▲ Next.js 14.2.35
  - Environments: .env.local

   Creating an optimized production build ...
 ✓ Compiled successfully
   Linting and checking validity of types ...
   Collecting page data ...
 ⚠ Using edge runtime on a page currently disables static generation for that page
   Generating static pages (0/17) ...
   Generating static pages (4/17) 
   Generating static pages (8/17) 
   Generating static pages (12/17) 
 ✓ Generating static pages (17/17)
   Finalizing page optimization ...
   Collecting build traces ...

Route (app)                              Size     First Load JS
┌ ○ /_not-found                          873 B          88.2 kB
├ ƒ /[store]                             186 B           101 kB
├ ƒ /[store]/shop                        2.27 kB         103 kB
├ ƒ /[store]/shop/category/[id]          2.25 kB         103 kB
├ ƒ /[store]/shop/product/[id]           1.74 kB         103 kB
├ ○ /admin                               146 B          87.5 kB
├ ○ /auth/login                          2.23 kB         145 kB
├ ○ /dashboard                           2.32 kB         154 kB
├ ○ /dashboard/products                  3.49 kB        99.5 kB
├ ƒ /dashboard/products/[id]             139 B           100 kB
├ ○ /dashboard/products/categories       4.42 kB        91.7 kB
├ ○ /dashboard/products/create           139 B           100 kB
├ ○ /dashboard/products/subcategories    4.82 kB        92.1 kB
├ ○ /dashboard/qrcode                    7.27 kB         150 kB
├ ○ /dashboard/settings                  3.55 kB         186 kB
├ ○ /dashboard/setup                     3.15 kB         186 kB
├ ƒ /icon                                0 B                0 B
├ ○ /manifest.webmanifest                0 B                0 B
├ ○ /offline                             1.19 kB        88.5 kB
└ ○ /pricing                             146 B          87.5 kB
+ First Load JS shared by all            87.3 kB
  ├ chunks/117-991cad879509df83.js       31.7 kB
  ├ chunks/fd9d1056-b4129a380d1be68f.js  53.6 kB
  └ other shared chunks (total)          1.95 kB


ƒ Middleware                             74.9 kB

○  (Static)   prerendered as static content
ƒ  (Dynamic)  server-rendered on demand

