
> ambajizon@0.1.0 build
> next build

  ▲ Next.js 14.2.35
  - Environments: .env.local

   Creating an optimized production build ...
 ✓ Compiled successfully
   Linting and checking validity of types ...
   Collecting page data ...
 ⚠ Using edge runtime on a page currently disables static generation for that page
   Generating static pages (0/13) ...
   Generating static pages (3/13) 
   Generating static pages (6/13) 
   Generating static pages (9/13) 
 ✓ Generating static pages (13/13)
   Finalizing page optimization ...
   Collecting build traces ...

Route (app)                              Size     First Load JS
┌ ○ /_not-found                          873 B          88.2 kB
├ ƒ /[store]                             150 B          87.5 kB
├ ○ /admin                               150 B          87.5 kB
├ ○ /auth/login                          2.23 kB         145 kB
├ ○ /dashboard                           2.03 kB         154 kB
├ ○ /dashboard/qrcode                    7.27 kB         150 kB
├ ○ /dashboard/settings                  3.53 kB         186 kB
├ ○ /dashboard/setup                     3.13 kB         185 kB
├ ƒ /icon                                0 B                0 B
├ ○ /manifest.webmanifest                0 B                0 B
├ ○ /offline                             1.19 kB        88.5 kB
└ ○ /pricing                             150 B          87.5 kB
+ First Load JS shared by all            87.3 kB
  ├ chunks/117-991cad879509df83.js       31.7 kB
  ├ chunks/fd9d1056-b4129a380d1be68f.js  53.6 kB
  └ other shared chunks (total)          1.95 kB


ƒ Middleware                             74.9 kB

○  (Static)   prerendered as static content
ƒ  (Dynamic)  server-rendered on demand

